<?xml version="1.0" encoding="UTF-8"?>
<!-- Generated by org.testng.reporters.JUnitReportReporter -->
<testsuite hostname="Prachi-MacBook-Pro.local" failures="0" tests="1" name="meraldaCallsWithCodePush.TestMeraldaCalls" time="0.006" errors="0" timestamp="2025-05-29T12:18:25 IST" skipped="0">
  <testcase classname="meraldaCallsWithCodePush.TestMeraldaCalls" name="testMeraldaCalls" time="0.006"/>
</testsuite> <!-- meraldaCallsWithCodePush.TestMeraldaCalls -->
