<?xml version="1.0" encoding="UTF-8"?>
<testsuite xmlns:xsi="http://www.w3.org/2001/XMLSchema-instance" xsi:noNamespaceSchemaLocation="https://maven.apache.org/surefire/maven-surefire-plugin/xsd/surefire-test-report-3.0.xsd" version="3.0" name="meraldaCallsWithCodePush.TestMeraldaCalls" time="0.933" tests="1" errors="0" skipped="0" failures="0">
  <properties>
    <property name="java.specification.version" value="21"/>
    <property name="sun.jnu.encoding" value="UTF-8"/>
    <property name="java.class.path" value="/Users/hverma0608/Developer/Projects/meraldaCallsWithCodePush/target/test-classes:/Users/hverma0608/Developer/Projects/meraldaCallsWithCodePush/target/classes:/Users/hverma0608/.m2/repository/org/testng/testng/7.11.0/testng-7.11.0.jar:/Users/hverma0608/.m2/repository/org/slf4j/slf4j-api/2.0.16/slf4j-api-2.0.16.jar:/Users/hverma0608/.m2/repository/org/jcommander/jcommander/1.83/jcommander-1.83.jar:/Users/hverma0608/.m2/repository/org/webjars/jquery/3.7.1/jquery-3.7.1.jar:/Users/hverma0608/.m2/repository/org/slf4j/slf4j-simple/2.0.17/slf4j-simple-2.0.17.jar:"/>
    <property name="java.vm.vendor" value="Eclipse Adoptium"/>
    <property name="sun.arch.data.model" value="64"/>
    <property name="java.vendor.url" value="https://adoptium.net/"/>
    <property name="user.timezone" value="Asia/Kolkata"/>
    <property name="os.name" value="Mac OS X"/>
    <property name="java.vm.specification.version" value="21"/>
    <property name="sun.java.launcher" value="SUN_STANDARD"/>
    <property name="user.country" value="US"/>
    <property name="sun.boot.library.path" value="/Applications/Eclipse.app/Contents/Eclipse/plugins/org.eclipse.justj.openjdk.hotspot.jre.full.macosx.x86_64_21.0.6.v20250130-0529/jre/lib"/>
    <property name="sun.java.command" value="/Users/hverma0608/Developer/Projects/meraldaCallsWithCodePush/target/surefire/surefirebooter-20250529121824609_3.jar /Users/hverma0608/Developer/Projects/meraldaCallsWithCodePush/target/surefire 2025-05-29T12-18-24_439-jvmRun1 surefire-20250529121824609_1tmp surefire_0-20250529121824609_2tmp"/>
    <property name="http.nonProxyHosts" value="local|*.local|169.254/16|*.169.254/16"/>
    <property name="jdk.debug" value="release"/>
    <property name="surefire.test.class.path" value="/Users/hverma0608/Developer/Projects/meraldaCallsWithCodePush/target/test-classes:/Users/hverma0608/Developer/Projects/meraldaCallsWithCodePush/target/classes:/Users/hverma0608/.m2/repository/org/testng/testng/7.11.0/testng-7.11.0.jar:/Users/hverma0608/.m2/repository/org/slf4j/slf4j-api/2.0.16/slf4j-api-2.0.16.jar:/Users/hverma0608/.m2/repository/org/jcommander/jcommander/1.83/jcommander-1.83.jar:/Users/hverma0608/.m2/repository/org/webjars/jquery/3.7.1/jquery-3.7.1.jar:/Users/hverma0608/.m2/repository/org/slf4j/slf4j-simple/2.0.17/slf4j-simple-2.0.17.jar:"/>
    <property name="sun.cpu.endian" value="little"/>
    <property name="user.home" value="/Users/hverma0608"/>
    <property name="user.language" value="en"/>
    <property name="java.specification.vendor" value="Oracle Corporation"/>
    <property name="java.version.date" value="2025-01-21"/>
    <property name="java.home" value="/Applications/Eclipse.app/Contents/Eclipse/plugins/org.eclipse.justj.openjdk.hotspot.jre.full.macosx.x86_64_21.0.6.v20250130-0529/jre"/>
    <property name="file.separator" value="/"/>
    <property name="basedir" value="/Users/hverma0608/Developer/Projects/meraldaCallsWithCodePush"/>
    <property name="style.color" value="always"/>
    <property name="java.vm.compressedOopsMode" value="Zero based"/>
    <property name="line.separator" value="&#10;"/>
    <property name="java.vm.specification.vendor" value="Oracle Corporation"/>
    <property name="java.specification.name" value="Java Platform API Specification"/>
    <property name="apple.awt.application.name" value="ForkedBooter"/>
    <property name="surefire.real.class.path" value="/Users/hverma0608/Developer/Projects/meraldaCallsWithCodePush/target/surefire/surefirebooter-20250529121824609_3.jar"/>
    <property name="sun.management.compiler" value="HotSpot 64-Bit Tiered Compilers"/>
    <property name="ftp.nonProxyHosts" value="local|*.local|169.254/16|*.169.254/16"/>
    <property name="java.runtime.version" value="21.0.6+7-LTS"/>
    <property name="user.name" value="hverma0608"/>
    <property name="stdout.encoding" value="UTF-8"/>
    <property name="path.separator" value=":"/>
    <property name="os.version" value="13.7.4"/>
    <property name="java.runtime.name" value="OpenJDK Runtime Environment"/>
    <property name="file.encoding" value="UTF-8"/>
    <property name="java.vm.name" value="OpenJDK 64-Bit Server VM"/>
    <property name="java.vendor.version" value="Temurin-21.0.6+7"/>
    <property name="localRepository" value="/Users/hverma0608/.m2/repository"/>
    <property name="java.vendor.url.bug" value="https://github.com/adoptium/adoptium-support/issues"/>
    <property name="java.io.tmpdir" value="/var/folders/bp/n2rwgx2x4pn6cg_r3b735s540000gn/T/"/>
    <property name="java.version" value="21.0.6"/>
    <property name="user.dir" value="/Users/hverma0608/Developer/Projects/meraldaCallsWithCodePush"/>
    <property name="os.arch" value="x86_64"/>
    <property name="java.vm.specification.name" value="Java Virtual Machine Specification"/>
    <property name="native.encoding" value="UTF-8"/>
    <property name="java.library.path" value="/Users/hverma0608/Library/Java/Extensions:/Library/Java/Extensions:/Network/Library/Java/Extensions:/System/Library/Java/Extensions:/usr/lib/java:."/>
    <property name="java.vm.info" value="mixed mode, sharing"/>
    <property name="stderr.encoding" value="UTF-8"/>
    <property name="java.vendor" value="Eclipse Adoptium"/>
    <property name="java.vm.version" value="21.0.6+7-LTS"/>
    <property name="sun.io.unicode.encoding" value="UnicodeBig"/>
    <property name="socksNonProxyHosts" value="local|*.local|169.254/16|*.169.254/16"/>
    <property name="java.class.version" value="65.0"/>
  </properties>
  <testcase name="testMeraldaCalls" classname="meraldaCallsWithCodePush.TestMeraldaCalls" time="0.009">
    <system-out><![CDATA[..Meralda calls.!
]]></system-out>
  </testcase>
</testsuite>